0 info it worked if it ends with ok
1 verbose cli [ '/usr/local/Cellar/node/7.2.1/bin/node',
1 verbose cli   '/usr/local/bin/npm',
1 verbose cli   'run',
1 verbose cli   'build-css' ]
2 info using npm@3.10.9
3 info using node@v7.2.1
4 verbose run-script [ 'prebuild-css', 'build-css', 'postbuild-css' ]
5 info lifecycle projectacme@0.0.0~prebuild-css: projectacme@0.0.0
6 silly lifecycle projectacme@0.0.0~prebuild-css: no script for prebuild-css, continuing
7 info lifecycle projectacme@0.0.0~build-css: projectacme@0.0.0
8 verbose lifecycle projectacme@0.0.0~build-css: unsafe-perm in lifecycle true
9 verbose lifecycle projectacme@0.0.0~build-css: PATH: /usr/local/lib/node_modules/npm/bin/node-gyp-bin:/Users/emilyyew/Desktop/COGS121/ACME/node_modules/.bin:/usr/local/lib/node_modules/npm/bin/node-gyp-bin:/Users/emilyyew/Desktop/COGS121/ACME/node_modules/.bin:/usr/local/lib/node_modules/npm/bin/node-gyp-bin:/Users/emilyyew/Desktop/COGS121/ACME/node_modules/.bin:/usr/local/Cellar/node/7.2.1/bin:/Library/Frameworks/Python.framework/Versions/2.7/bin:/usr/local/bin:/usr/bin:/bin:/usr/sbin:/sbin:/opt/X11/bin
10 verbose lifecycle projectacme@0.0.0~build-css: CWD: /Users/emilyyew/Desktop/COGS121/ACME
11 silly lifecycle projectacme@0.0.0~build-css: Args: [ '-c',
11 silly lifecycle   'node-sass --include-path scss scss/main.scss public/stylesheets/main.css' ]
12 silly lifecycle projectacme@0.0.0~build-css: Returned: code: 1  signal: null
13 info lifecycle projectacme@0.0.0~build-css: Failed to exec build-css script
14 verbose stack Error: projectacme@0.0.0 build-css: `node-sass --include-path scss scss/main.scss public/stylesheets/main.css`
14 verbose stack Exit status 1
14 verbose stack     at EventEmitter.<anonymous> (/usr/local/lib/node_modules/npm/lib/utils/lifecycle.js:255:16)
14 verbose stack     at emitTwo (events.js:106:13)
14 verbose stack     at EventEmitter.emit (events.js:191:7)
14 verbose stack     at ChildProcess.<anonymous> (/usr/local/lib/node_modules/npm/lib/utils/spawn.js:40:14)
14 verbose stack     at emitTwo (events.js:106:13)
14 verbose stack     at ChildProcess.emit (events.js:191:7)
14 verbose stack     at maybeClose (internal/child_process.js:885:16)
14 verbose stack     at Process.ChildProcess._handle.onexit (internal/child_process.js:226:5)
15 verbose pkgid projectacme@0.0.0
16 verbose cwd /Users/emilyyew/Desktop/COGS121/ACME
17 error Darwin 16.5.0
18 error argv "/usr/local/Cellar/node/7.2.1/bin/node" "/usr/local/bin/npm" "run" "build-css"
19 error node v7.2.1
20 error npm  v3.10.9
21 error code ELIFECYCLE
22 error projectacme@0.0.0 build-css: `node-sass --include-path scss scss/main.scss public/stylesheets/main.css`
22 error Exit status 1
23 error Failed at the projectacme@0.0.0 build-css script 'node-sass --include-path scss scss/main.scss public/stylesheets/main.css'.
23 error Make sure you have the latest version of node.js and npm installed.
23 error If you do, this is most likely a problem with the projectacme package,
23 error not with npm itself.
23 error Tell the author that this fails on your system:
23 error     node-sass --include-path scss scss/main.scss public/stylesheets/main.css
23 error You can get information on how to open an issue for this project with:
23 error     npm bugs projectacme
23 error Or if that isn't available, you can get their info via:
23 error     npm owner ls projectacme
23 error There is likely additional logging output above.
24 verbose exit [ 1, true ]
